<?xml version="1.0" encoding="UTF-8"?>
<!-- Generated by org.testng.reporters.JUnitReportReporter -->
<testsuite hostname="Manoharan" name="com.automation.testcases.WithOutFramework" tests="1" failures="0" timestamp="1 Dec 2020 14:20:02 GMT" time="14.651" errors="0">
  <testcase name="test1" time="14.651" classname="com.automation.testcases.WithOutFramework"/>
</testsuite> <!-- com.automation.testcases.WithOutFramework -->
