<?xml version="1.0" encoding="UTF-8"?>
<!-- Generated by org.testng.reporters.JUnitReportReporter -->
<testsuite hostname="Manoharan" name="com.automation.testcases.LoginTest" tests="1" failures="0" timestamp="6 Dec 2020 15:40:23 GMT" time="2.624" errors="0">
  <testcase name="LoginApp" time="2.624" classname="com.automation.testcases.LoginTest"/>
</testsuite> <!-- com.automation.testcases.LoginTest -->
